Running Gradle task 'assembleDebug'...                          
e: file:///home/developertyd/flutter/packages/flutter_tools/gradle/src/main/kotlin/FlutterPlugin.kt:764:21 Unresolved reference: filePermissions
e: file:///home/developertyd/flutter/packages/flutter_tools/gradle/src/main/kotlin/FlutterPlugin.kt:765:25 Unresolved reference: user
e: file:///home/developertyd/flutter/packages/flutter_tools/gradle/src/main/kotlin/FlutterPlugin.kt:766:29 Unresolved reference: read
e: file:///home/developertyd/flutter/packages/flutter_tools/gradle/src/main/kotlin/FlutterPlugin.kt:767:29 Unresolved reference: write

FAILURE: Build failed with an exception.

* What went wrong:
Execution failed for task ':gradle:compileKotlin'.
> A failure occurred while executing org.jetbrains.kotlin.compilerRunner.GradleCompilerRunnerWithWorkers$GradleKotlinCompilerWorkAction
   > Compilation error. See log for more details

* Try:
> Run with --stacktrace option to get the stack trace.
> Run with --info or --debug option to get more log output.
> Run with --scan to get full insights.

* Get more help at https://help.gradle.org

BUILD FAILED in 1m 28s
Running Gradle task 'assembleDebug'...                             90.2s
Gradle task assembleDebug failed with exit code 1
